<?xml version="1.0" encoding="UTF-8"?>
<testsuite xmlns:xsi="http://www.w3.org/2001/XMLSchema-instance" xsi:noNamespaceSchemaLocation="https://maven.apache.org/surefire/maven-surefire-plugin/xsd/surefire-test-report-3.0.xsd" version="3.0" name="com.example.Parallel01IT" time="16.296" tests="1" errors="0" skipped="0" failures="0">
  <properties>
[...]
</properties>
  <testcase name="verify Login using valid credential #2" classname="Verify Login feature" time="13.413">
    <system-out><![CDATA[scenario name : verify Login using valid credential
scenario tags : [@login, @unsuccessful]
STEP - Enter valid username
STEP - Enter valid password
STEP - Enter valid login
VERIFY - Authentication Failure popup display
VERIFY - login page is still visible
STEP - Close the browser
]]></system-out>
    <system-err><![CDATA[May 21, 2024 8:54:55 AM org.openqa.selenium.devtools.CdpVersionFinder findNearestMatch
WARNING: Unable to find an exact match for CDP version 124, returning the closest version; found: 123; Please update to a Selenium version that supports CDP version 124
May 21, 2024 8:54:59 AM org.openqa.selenium.devtools.CdpVersionFinder findNearestMatch
WARNING: Unable to find an exact match for CDP version 124, returning the closest version; found: 123; Please update to a Selenium version that supports CDP version 124
]]></system-err>
  </testcase>
</testsuite>